2016-12-16 17:05:18,260 [Worker-2] INFO  o.e.m.c.i.l.LifecycleMappingFactory - Using org.maven.ide.eclipse.wtp.WarLifecycleMapping lifecycle mapping for MavenProject: edu.collaboration:AlmaBridgeB:1.0-SNAPSHOT @ H:\workspace3\AlmaBridge-B-master\pom.xml.
2016-12-16 17:05:29,105 [Worker-2] INFO  o.e.m.j.i.AbstractJavaProjectConfigurator - Adding source folder /AlmaBridge-B-master/src/main/java
2016-12-16 17:05:29,105 [Worker-2] INFO  o.e.m.j.i.AbstractJavaProjectConfigurator - Adding resource folder /AlmaBridge-B-master/src/main/resources
2016-12-16 17:05:29,109 [Worker-2] INFO  o.e.m.j.i.AbstractJavaProjectConfigurator - Adding source folder /AlmaBridge-B-master/src/test/java
2016-12-16 17:05:31,526 [Worker-2] INFO  o.e.m.c.i.p.ProjectConfigurationManager - Imported and configured 1 project(s) in 32 sec
2016-12-16 17:05:33,758 [Worker-2] WARN  o.e.m.c.i.embedder.EclipseLogger - Using platform encoding (Cp1252 actually) to copy filtered resources, i.e. build is platform dependent!
2016-12-16 17:05:33,770 [Worker-2] INFO  o.e.m.c.i.embedder.EclipseLogger - Copying 1 resource
2016-12-16 17:05:33,790 [Worker-2] WARN  o.e.m.c.i.embedder.EclipseLogger - Using platform encoding (Cp1252 actually) to copy filtered resources, i.e. build is platform dependent!
2016-12-16 17:05:33,798 [Worker-2] INFO  o.e.m.c.i.embedder.EclipseLogger - skip non existing resourceDirectory H:\workspace3\AlmaBridge-B-master\src\test\resources
2016-12-16 17:13:28,835 [Worker-33] WARN  o.e.m.c.i.embedder.EclipseLogger - Using platform encoding (Cp1252 actually) to copy filtered resources, i.e. build is platform dependent!
2016-12-16 17:13:28,943 [Worker-33] INFO  o.e.m.c.i.embedder.EclipseLogger - Copying 0 resource
2016-12-16 17:13:28,943 [Worker-33] WARN  o.e.m.c.i.embedder.EclipseLogger - Using platform encoding (Cp1252 actually) to copy filtered resources, i.e. build is platform dependent!
2016-12-16 17:13:29,011 [Worker-33] INFO  o.e.m.c.i.embedder.EclipseLogger - skip non existing resourceDirectory H:\workspace3\AlmaBridge-B-master\src\test\resources
2016-12-16 17:18:01,614 [Worker-32] WARN  o.e.m.c.i.embedder.EclipseLogger - Using platform encoding (Cp1252 actually) to copy filtered resources, i.e. build is platform dependent!
2016-12-16 17:18:01,662 [Worker-32] INFO  o.e.m.c.i.embedder.EclipseLogger - Copying 1 resource
2016-12-16 17:18:01,666 [Worker-32] WARN  o.e.m.c.i.embedder.EclipseLogger - Using platform encoding (Cp1252 actually) to copy filtered resources, i.e. build is platform dependent!
2016-12-16 17:18:01,694 [Worker-32] INFO  o.e.m.c.i.embedder.EclipseLogger - skip non existing resourceDirectory H:\workspace3\AlmaBridge-B-master\src\test\resources
2016-12-16 17:18:09,854 [Worker-32] WARN  o.e.m.c.i.embedder.EclipseLogger - Using platform encoding (Cp1252 actually) to copy filtered resources, i.e. build is platform dependent!
2016-12-16 17:18:09,870 [Worker-32] INFO  o.e.m.c.i.embedder.EclipseLogger - Copying 1 resource
2016-12-16 17:18:09,874 [Worker-32] WARN  o.e.m.c.i.embedder.EclipseLogger - Using platform encoding (Cp1252 actually) to copy filtered resources, i.e. build is platform dependent!
2016-12-16 17:18:09,882 [Worker-32] INFO  o.e.m.c.i.embedder.EclipseLogger - skip non existing resourceDirectory H:\workspace3\AlmaBridge-B-master\src\test\resources
2016-12-16 17:18:18,500 [Worker-33] WARN  o.e.m.c.i.embedder.EclipseLogger - Using platform encoding (Cp1252 actually) to copy filtered resources, i.e. build is platform dependent!
2016-12-16 17:18:18,524 [Worker-33] INFO  o.e.m.c.i.embedder.EclipseLogger - Copying 1 resource
2016-12-16 17:18:18,524 [Worker-33] WARN  o.e.m.c.i.embedder.EclipseLogger - Using platform encoding (Cp1252 actually) to copy filtered resources, i.e. build is platform dependent!
2016-12-16 17:18:18,540 [Worker-33] INFO  o.e.m.c.i.embedder.EclipseLogger - skip non existing resourceDirectory H:\workspace3\AlmaBridge-B-master\src\test\resources
2016-12-16 17:18:46,045 [Worker-32] WARN  o.e.m.c.i.embedder.EclipseLogger - Using platform encoding (Cp1252 actually) to copy filtered resources, i.e. build is platform dependent!
2016-12-16 17:18:46,081 [Worker-32] INFO  o.e.m.c.i.embedder.EclipseLogger - Copying 1 resource
2016-12-16 17:18:46,081 [Worker-32] WARN  o.e.m.c.i.embedder.EclipseLogger - Using platform encoding (Cp1252 actually) to copy filtered resources, i.e. build is platform dependent!
2016-12-16 17:18:46,101 [Worker-32] INFO  o.e.m.c.i.embedder.EclipseLogger - skip non existing resourceDirectory H:\workspace3\AlmaBridge-B-master\src\test\resources
2016-12-16 17:40:40,776 [Worker-46] WARN  o.e.m.c.i.embedder.EclipseLogger - Using platform encoding (Cp1252 actually) to copy filtered resources, i.e. build is platform dependent!
2016-12-16 17:40:40,828 [Worker-46] INFO  o.e.m.c.i.embedder.EclipseLogger - Copying 1 resource
2016-12-16 17:40:40,828 [Worker-46] WARN  o.e.m.c.i.embedder.EclipseLogger - Using platform encoding (Cp1252 actually) to copy filtered resources, i.e. build is platform dependent!
2016-12-16 17:40:40,840 [Worker-46] INFO  o.e.m.c.i.embedder.EclipseLogger - skip non existing resourceDirectory H:\workspace3\AlmaBridge-B-master\src\test\resources
2016-12-16 17:40:47,623 [Worker-46] WARN  o.e.m.c.i.embedder.EclipseLogger - Using platform encoding (Cp1252 actually) to copy filtered resources, i.e. build is platform dependent!
2016-12-16 17:40:47,631 [Worker-46] INFO  o.e.m.c.i.embedder.EclipseLogger - Copying 1 resource
2016-12-16 17:40:47,635 [Worker-46] WARN  o.e.m.c.i.embedder.EclipseLogger - Using platform encoding (Cp1252 actually) to copy filtered resources, i.e. build is platform dependent!
2016-12-16 17:40:47,639 [Worker-46] INFO  o.e.m.c.i.embedder.EclipseLogger - skip non existing resourceDirectory H:\workspace3\AlmaBridge-B-master\src\test\resources
2016-12-16 17:41:27,509 [Worker-47] WARN  o.e.m.c.i.embedder.EclipseLogger - Using platform encoding (Cp1252 actually) to copy filtered resources, i.e. build is platform dependent!
2016-12-16 17:41:27,517 [Worker-47] INFO  o.e.m.c.i.embedder.EclipseLogger - Copying 1 resource
2016-12-16 17:41:27,521 [Worker-47] WARN  o.e.m.c.i.embedder.EclipseLogger - Using platform encoding (Cp1252 actually) to copy filtered resources, i.e. build is platform dependent!
2016-12-16 17:41:27,529 [Worker-47] INFO  o.e.m.c.i.embedder.EclipseLogger - skip non existing resourceDirectory H:\workspace3\AlmaBridge-B-master\src\test\resources
2016-12-16 17:41:35,612 [Worker-47] WARN  o.e.m.c.i.embedder.EclipseLogger - Using platform encoding (Cp1252 actually) to copy filtered resources, i.e. build is platform dependent!
2016-12-16 17:41:35,624 [Worker-47] INFO  o.e.m.c.i.embedder.EclipseLogger - Copying 1 resource
2016-12-16 17:41:35,624 [Worker-47] WARN  o.e.m.c.i.embedder.EclipseLogger - Using platform encoding (Cp1252 actually) to copy filtered resources, i.e. build is platform dependent!
2016-12-16 17:41:35,636 [Worker-47] INFO  o.e.m.c.i.embedder.EclipseLogger - skip non existing resourceDirectory H:\workspace3\AlmaBridge-B-master\src\test\resources
2016-12-16 18:20:26,795 [Worker-46] WARN  o.e.m.c.i.embedder.EclipseLogger - Using platform encoding (Cp1252 actually) to copy filtered resources, i.e. build is platform dependent!
2016-12-16 18:20:26,800 [Worker-46] INFO  o.e.m.c.i.embedder.EclipseLogger - Copying 1 resource
2016-12-16 18:20:26,801 [Worker-46] WARN  o.e.m.c.i.embedder.EclipseLogger - Using platform encoding (Cp1252 actually) to copy filtered resources, i.e. build is platform dependent!
2016-12-16 18:20:26,806 [Worker-46] INFO  o.e.m.c.i.embedder.EclipseLogger - skip non existing resourceDirectory H:\workspace3\AlmaBridge-B-master\src\test\resources
2016-12-16 18:24:18,124 [Worker-76] WARN  o.e.m.c.i.embedder.EclipseLogger - Using platform encoding (Cp1252 actually) to copy filtered resources, i.e. build is platform dependent!
2016-12-16 18:24:18,148 [Worker-76] INFO  o.e.m.c.i.embedder.EclipseLogger - Copying 1 resource
2016-12-16 18:24:18,149 [Worker-76] WARN  o.e.m.c.i.embedder.EclipseLogger - Using platform encoding (Cp1252 actually) to copy filtered resources, i.e. build is platform dependent!
2016-12-16 18:24:18,154 [Worker-76] INFO  o.e.m.c.i.embedder.EclipseLogger - skip non existing resourceDirectory H:\workspace3\AlmaBridge-B-master\src\test\resources
2016-12-16 18:24:49,887 [Worker-80] WARN  o.e.m.c.i.embedder.EclipseLogger - Using platform encoding (Cp1252 actually) to copy filtered resources, i.e. build is platform dependent!
2016-12-16 18:24:49,907 [Worker-80] INFO  o.e.m.c.i.embedder.EclipseLogger - Copying 1 resource
2016-12-16 18:24:49,909 [Worker-80] WARN  o.e.m.c.i.embedder.EclipseLogger - Using platform encoding (Cp1252 actually) to copy filtered resources, i.e. build is platform dependent!
2016-12-16 18:24:49,915 [Worker-80] INFO  o.e.m.c.i.embedder.EclipseLogger - skip non existing resourceDirectory H:\workspace3\AlmaBridge-B-master\src\test\resources
2016-12-16 18:25:19,242 [Worker-76] WARN  o.e.m.c.i.embedder.EclipseLogger - Using platform encoding (Cp1252 actually) to copy filtered resources, i.e. build is platform dependent!
2016-12-16 18:25:19,251 [Worker-76] INFO  o.e.m.c.i.embedder.EclipseLogger - Copying 1 resource
2016-12-16 18:25:19,253 [Worker-76] WARN  o.e.m.c.i.embedder.EclipseLogger - Using platform encoding (Cp1252 actually) to copy filtered resources, i.e. build is platform dependent!
2016-12-16 18:25:19,260 [Worker-76] INFO  o.e.m.c.i.embedder.EclipseLogger - skip non existing resourceDirectory H:\workspace3\AlmaBridge-B-master\src\test\resources
2016-12-16 18:27:28,185 [Worker-72] WARN  o.e.m.c.i.embedder.EclipseLogger - Using platform encoding (Cp1252 actually) to copy filtered resources, i.e. build is platform dependent!
2016-12-16 18:27:28,200 [Worker-72] INFO  o.e.m.c.i.embedder.EclipseLogger - Copying 1 resource
2016-12-16 18:27:28,202 [Worker-72] WARN  o.e.m.c.i.embedder.EclipseLogger - Using platform encoding (Cp1252 actually) to copy filtered resources, i.e. build is platform dependent!
2016-12-16 18:27:28,209 [Worker-72] INFO  o.e.m.c.i.embedder.EclipseLogger - skip non existing resourceDirectory H:\workspace3\AlmaBridge-B-master\src\test\resources
2016-12-16 18:29:07,648 [Worker-78] WARN  o.e.m.c.i.embedder.EclipseLogger - Using platform encoding (Cp1252 actually) to copy filtered resources, i.e. build is platform dependent!
2016-12-16 18:29:07,673 [Worker-78] INFO  o.e.m.c.i.embedder.EclipseLogger - Copying 1 resource
2016-12-16 18:29:07,676 [Worker-78] WARN  o.e.m.c.i.embedder.EclipseLogger - Using platform encoding (Cp1252 actually) to copy filtered resources, i.e. build is platform dependent!
2016-12-16 18:29:07,683 [Worker-78] INFO  o.e.m.c.i.embedder.EclipseLogger - skip non existing resourceDirectory H:\workspace3\AlmaBridge-B-master\src\test\resources
2016-12-16 18:45:02,234 [Worker-90] WARN  o.e.m.c.i.embedder.EclipseLogger - Using platform encoding (Cp1252 actually) to copy filtered resources, i.e. build is platform dependent!
2016-12-16 18:45:02,450 [Worker-90] INFO  o.e.m.c.i.embedder.EclipseLogger - Copying 1 resource
2016-12-16 18:45:02,453 [Worker-90] WARN  o.e.m.c.i.embedder.EclipseLogger - Using platform encoding (Cp1252 actually) to copy filtered resources, i.e. build is platform dependent!
2016-12-16 18:45:02,465 [Worker-90] INFO  o.e.m.c.i.embedder.EclipseLogger - skip non existing resourceDirectory H:\workspace3\AlmaBridge-B-master\src\test\resources
2016-12-16 18:48:36,343 [Worker-88] WARN  o.e.m.c.i.embedder.EclipseLogger - Using platform encoding (Cp1252 actually) to copy filtered resources, i.e. build is platform dependent!
2016-12-16 18:48:36,366 [Worker-88] INFO  o.e.m.c.i.embedder.EclipseLogger - Copying 1 resource
2016-12-16 18:48:36,369 [Worker-88] WARN  o.e.m.c.i.embedder.EclipseLogger - Using platform encoding (Cp1252 actually) to copy filtered resources, i.e. build is platform dependent!
2016-12-16 18:48:36,382 [Worker-88] INFO  o.e.m.c.i.embedder.EclipseLogger - skip non existing resourceDirectory H:\workspace3\AlmaBridge-B-master\src\test\resources
2016-12-16 18:48:44,310 [Worker-93] WARN  o.e.m.c.i.embedder.EclipseLogger - Using platform encoding (Cp1252 actually) to copy filtered resources, i.e. build is platform dependent!
2016-12-16 18:48:44,316 [Worker-93] INFO  o.e.m.c.i.embedder.EclipseLogger - Copying 1 resource
2016-12-16 18:48:44,317 [Worker-93] WARN  o.e.m.c.i.embedder.EclipseLogger - Using platform encoding (Cp1252 actually) to copy filtered resources, i.e. build is platform dependent!
2016-12-16 18:48:44,323 [Worker-93] INFO  o.e.m.c.i.embedder.EclipseLogger - skip non existing resourceDirectory H:\workspace3\AlmaBridge-B-master\src\test\resources
2016-12-16 18:59:34,512 [Worker-96] WARN  o.e.m.c.i.embedder.EclipseLogger - Using platform encoding (Cp1252 actually) to copy filtered resources, i.e. build is platform dependent!
2016-12-16 18:59:34,558 [Worker-96] INFO  o.e.m.c.i.embedder.EclipseLogger - Copying 1 resource
2016-12-16 18:59:34,559 [Worker-96] WARN  o.e.m.c.i.embedder.EclipseLogger - Using platform encoding (Cp1252 actually) to copy filtered resources, i.e. build is platform dependent!
2016-12-16 18:59:34,564 [Worker-96] INFO  o.e.m.c.i.embedder.EclipseLogger - skip non existing resourceDirectory H:\workspace3\AlmaBridge-B-master\src\test\resources
2016-12-17 19:33:33,397 [Worker-43] WARN  o.e.m.c.i.embedder.EclipseLogger - Using platform encoding (Cp1252 actually) to copy filtered resources, i.e. build is platform dependent!
2016-12-17 19:33:33,719 [Worker-43] INFO  o.e.m.c.i.embedder.EclipseLogger - Copying 1 resource
2016-12-17 19:33:33,763 [Worker-43] WARN  o.e.m.c.i.embedder.EclipseLogger - Using platform encoding (Cp1252 actually) to copy filtered resources, i.e. build is platform dependent!
2016-12-17 19:33:33,772 [Worker-43] INFO  o.e.m.c.i.embedder.EclipseLogger - skip non existing resourceDirectory H:\workspace3\AlmaBridge-B-master\src\test\resources
2016-12-18 02:04:31,597 [Worker-167] WARN  o.e.m.c.i.embedder.EclipseLogger - Using platform encoding (Cp1252 actually) to copy filtered resources, i.e. build is platform dependent!
2016-12-18 02:04:33,228 [Worker-167] INFO  o.e.m.c.i.embedder.EclipseLogger - Copying 1 resource
2016-12-18 02:04:33,232 [Worker-167] WARN  o.e.m.c.i.embedder.EclipseLogger - Using platform encoding (Cp1252 actually) to copy filtered resources, i.e. build is platform dependent!
2016-12-18 02:04:33,253 [Worker-167] INFO  o.e.m.c.i.embedder.EclipseLogger - skip non existing resourceDirectory H:\workspace3\AlmaBridge-B-master\src\test\resources
2016-12-18 02:09:01,037 [Worker-167] WARN  o.e.m.c.i.embedder.EclipseLogger - Using platform encoding (Cp1252 actually) to copy filtered resources, i.e. build is platform dependent!
2016-12-18 02:09:01,047 [Worker-167] INFO  o.e.m.c.i.embedder.EclipseLogger - Copying 1 resource
2016-12-18 02:09:01,049 [Worker-167] WARN  o.e.m.c.i.embedder.EclipseLogger - Using platform encoding (Cp1252 actually) to copy filtered resources, i.e. build is platform dependent!
2016-12-18 02:09:01,058 [Worker-167] INFO  o.e.m.c.i.embedder.EclipseLogger - skip non existing resourceDirectory H:\workspace3\AlmaBridge-B-master\src\test\resources
